2020-07-17 21:56:07.176 [main] INFO  com.maveric.core.testng.listeners.TestListener - Thread Count : 1
2020-07-17 21:56:07.184 [main] INFO  com.maveric.core.testng.listeners.TestListener - Data Provider Count : 1
2020-07-17 21:56:07.184 [main] INFO  com.maveric.core.testng.listeners.TestListener - Parallel Type : Methods
2020-07-17 21:56:20.324 [main] INFO  com.maveric.core.testng.listeners.ReportListener - reports folder created successfully :./reports/test-output-17_Jul_2020_09_56_20_PM
2020-07-17 21:56:21.105 [TestNG-test=Default test-1] INFO  com.maveric.core.driver.RemoteCapabilities - chromedriver path C:\Users\vinodhinima\.m2\repository\webdriver\chromedriver\win32\84.0.4147.30
2020-07-17 21:56:21.107 [TestNG-test=Default test-1] INFO  com.maveric.core.driver.DriverFactory - app : C:\Users\vinodhinima\Desktop\Scuba Training\NewTAFUpdated (2)\NewTAFUpdated\.\src\test\resources\apps\AndroidApp.apk
2020-07-17 21:56:21.110 [TestNG-test=Default test-1] INFO  com.maveric.core.driver.DriverFactory - appActivity : com.swaglabsmobileapp.SplashActivity
2020-07-17 21:56:21.111 [TestNG-test=Default test-1] INFO  com.maveric.core.driver.DriverFactory - appPackage : com.swaglabsmobileapp
2020-07-17 21:56:21.135 [TestNG-test=Default test-1] INFO  com.maveric.core.driver.DriverFactory - appium:chromeOptions : {w3c=false}
2020-07-17 21:56:21.135 [TestNG-test=Default test-1] INFO  com.maveric.core.driver.DriverFactory - automationName : UiAutomator2
2020-07-17 21:56:21.136 [TestNG-test=Default test-1] INFO  com.maveric.core.driver.DriverFactory - browserName : 
2020-07-17 21:56:21.136 [TestNG-test=Default test-1] INFO  com.maveric.core.driver.DriverFactory - chromedriverExecutableDir : C:\Users\vinodhinima\.m2\repository\webdriver\chromedriver\win32\84.0.4147.30
2020-07-17 21:56:21.136 [TestNG-test=Default test-1] INFO  com.maveric.core.driver.DriverFactory - deviceName : 
2020-07-17 21:56:21.136 [TestNG-test=Default test-1] INFO  com.maveric.core.driver.DriverFactory - deviceReadyTimeout : 60
2020-07-17 21:56:21.136 [TestNG-test=Default test-1] INFO  com.maveric.core.driver.DriverFactory - noReset : true
2020-07-17 21:56:21.137 [TestNG-test=Default test-1] INFO  com.maveric.core.driver.DriverFactory - platformName : android
2020-07-17 21:56:21.137 [TestNG-test=Default test-1] INFO  com.maveric.core.driver.DriverFactory - platformVersion : 8.1
2020-07-17 21:56:21.137 [TestNG-test=Default test-1] INFO  com.maveric.core.driver.DriverFactory - resetKeyboard : true
2020-07-17 21:56:21.138 [TestNG-test=Default test-1] INFO  com.maveric.core.driver.DriverFactory - unicodeKeyboard : true
2020-07-17 21:56:21.138 [TestNG-test=Default test-1] INFO  com.maveric.core.driver.DriverFactory - useNewWDA : false
2020-07-17 21:56:25.945 [TestNG-test=Default test-1] INFO  com.maveric.core.testng.listeners.DriverListener - Driver Setup Completed
2020-07-17 21:56:26.001 [TestNG-test=Default test-1] INFO  com.maveric.core.testng.listeners.DriverListener - Driver Quit Completed
2020-07-17 21:56:26.017 [TestNG-test=Default test-1] INFO  com.maveric.core.driver.RemoteCapabilities - chromedriver path C:\Users\vinodhinima\.m2\repository\webdriver\chromedriver\win32\84.0.4147.30
2020-07-17 21:56:26.018 [TestNG-test=Default test-1] INFO  com.maveric.core.driver.DriverFactory - app : C:\Users\vinodhinima\Desktop\Scuba Training\NewTAFUpdated (2)\NewTAFUpdated\.\src\test\resources\apps\AndroidApp.apk
2020-07-17 21:56:26.018 [TestNG-test=Default test-1] INFO  com.maveric.core.driver.DriverFactory - appActivity : com.swaglabsmobileapp.SplashActivity
2020-07-17 21:56:26.018 [TestNG-test=Default test-1] INFO  com.maveric.core.driver.DriverFactory - appPackage : com.swaglabsmobileapp
2020-07-17 21:56:26.018 [TestNG-test=Default test-1] INFO  com.maveric.core.driver.DriverFactory - appium:chromeOptions : {w3c=false}
2020-07-17 21:56:26.019 [TestNG-test=Default test-1] INFO  com.maveric.core.driver.DriverFactory - automationName : UiAutomator2
2020-07-17 21:56:26.019 [TestNG-test=Default test-1] INFO  com.maveric.core.driver.DriverFactory - browserName : 
2020-07-17 21:56:26.020 [TestNG-test=Default test-1] INFO  com.maveric.core.driver.DriverFactory - chromedriverExecutableDir : C:\Users\vinodhinima\.m2\repository\webdriver\chromedriver\win32\84.0.4147.30
2020-07-17 21:56:26.020 [TestNG-test=Default test-1] INFO  com.maveric.core.driver.DriverFactory - deviceName : 
2020-07-17 21:56:26.022 [TestNG-test=Default test-1] INFO  com.maveric.core.driver.DriverFactory - deviceReadyTimeout : 60
2020-07-17 21:56:26.022 [TestNG-test=Default test-1] INFO  com.maveric.core.driver.DriverFactory - noReset : true
2020-07-17 21:56:26.022 [TestNG-test=Default test-1] INFO  com.maveric.core.driver.DriverFactory - platformName : android
2020-07-17 21:56:26.023 [TestNG-test=Default test-1] INFO  com.maveric.core.driver.DriverFactory - platformVersion : 8.1
2020-07-17 21:56:26.023 [TestNG-test=Default test-1] INFO  com.maveric.core.driver.DriverFactory - resetKeyboard : true
2020-07-17 21:56:26.023 [TestNG-test=Default test-1] INFO  com.maveric.core.driver.DriverFactory - unicodeKeyboard : true
2020-07-17 21:56:26.023 [TestNG-test=Default test-1] INFO  com.maveric.core.driver.DriverFactory - useNewWDA : false
2020-07-17 21:56:30.061 [TestNG-test=Default test-1] INFO  com.maveric.core.testng.listeners.DriverListener - Driver Setup Completed
2020-07-17 21:56:30.063 [TestNG-test=Default test-1] INFO  com.maveric.core.testng.listeners.DriverListener - Driver Quit Completed
2020-08-04 15:38:30.629 [main] INFO  com.maveric.core.testng.listeners.ReportListener - reports folder created successfully :./reports/test-output-04_Aug_2020_03_38_30_PM
2020-08-04 15:38:40.732 [main] INFO  com.maveric.core.testng.listeners.TestListener - Thread Count : 1
2020-08-04 15:38:40.733 [main] INFO  com.maveric.core.testng.listeners.TestListener - Data Provider Count : 1
2020-08-04 15:38:40.733 [main] INFO  com.maveric.core.testng.listeners.TestListener - Parallel Type : Methods
2020-08-04 15:38:55.436 [TestNG-test=Default test-1] INFO  com.maveric.core.driver.RemoteCapabilities - chromedriver path C:\Users\vinodhinima\.m2\repository\webdriver\chromedriver\win32\84.0.4147.30
2020-08-04 15:38:55.440 [TestNG-test=Default test-1] INFO  com.maveric.core.driver.DriverFactory - app : C:\Users\vinodhinima\Desktop\Assignment_Parabank\NewTAF_Com.Mutibrowser\.\src\test\resources\apps\AndroidApp.apk
2020-08-04 15:38:55.444 [TestNG-test=Default test-1] INFO  com.maveric.core.driver.DriverFactory - appActivity : com.swaglabsmobileapp.SplashActivity
2020-08-04 15:38:55.444 [TestNG-test=Default test-1] INFO  com.maveric.core.driver.DriverFactory - appPackage : com.swaglabsmobileapp
2020-08-04 15:38:55.445 [TestNG-test=Default test-1] INFO  com.maveric.core.driver.DriverFactory - appium:chromeOptions : {w3c=false}
2020-08-04 15:38:55.445 [TestNG-test=Default test-1] INFO  com.maveric.core.driver.DriverFactory - automationName : UiAutomator2
2020-08-04 15:38:55.445 [TestNG-test=Default test-1] INFO  com.maveric.core.driver.DriverFactory - browserName : 
2020-08-04 15:38:55.447 [TestNG-test=Default test-1] INFO  com.maveric.core.driver.DriverFactory - chromedriverExecutableDir : C:\Users\vinodhinima\.m2\repository\webdriver\chromedriver\win32\84.0.4147.30
2020-08-04 15:38:55.448 [TestNG-test=Default test-1] INFO  com.maveric.core.driver.DriverFactory - deviceName : 
2020-08-04 15:38:55.448 [TestNG-test=Default test-1] INFO  com.maveric.core.driver.DriverFactory - deviceReadyTimeout : 60
2020-08-04 15:38:55.450 [TestNG-test=Default test-1] INFO  com.maveric.core.driver.DriverFactory - noReset : true
2020-08-04 15:38:55.450 [TestNG-test=Default test-1] INFO  com.maveric.core.driver.DriverFactory - platformName : android
2020-08-04 15:38:55.451 [TestNG-test=Default test-1] INFO  com.maveric.core.driver.DriverFactory - platformVersion : 8.1
2020-08-04 15:38:55.451 [TestNG-test=Default test-1] INFO  com.maveric.core.driver.DriverFactory - resetKeyboard : true
2020-08-04 15:38:55.451 [TestNG-test=Default test-1] INFO  com.maveric.core.driver.DriverFactory - unicodeKeyboard : true
2020-08-04 15:38:55.451 [TestNG-test=Default test-1] INFO  com.maveric.core.driver.DriverFactory - useNewWDA : false
2020-08-04 15:39:00.263 [TestNG-test=Default test-1] INFO  com.maveric.core.testng.listeners.DriverListener - Driver Setup Completed
2020-08-04 15:39:02.208 [TestNG-test=Default test-1] INFO  com.maveric.core.testng.listeners.DriverListener - Driver Quit Completed
2020-08-04 17:56:54.513 [main] INFO  com.maveric.core.testng.listeners.ReportListener - reports folder created successfully :./reports/test-output-04_Aug_2020_05_56_54_PM
2020-08-04 17:57:03.688 [main] INFO  com.maveric.core.testng.listeners.TestListener - Thread Count : 1
2020-08-04 17:57:03.688 [main] INFO  com.maveric.core.testng.listeners.TestListener - Data Provider Count : 1
2020-08-04 17:57:03.688 [main] INFO  com.maveric.core.testng.listeners.TestListener - Parallel Type : Methods
2020-08-04 17:57:16.702 [TestNG-test=Default test-1] INFO  com.maveric.core.driver.RemoteCapabilities - chromedriver path C:\Users\vinodhinima\.m2\repository\webdriver\chromedriver\win32\84.0.4147.30
2020-08-04 17:57:16.709 [TestNG-test=Default test-1] INFO  com.maveric.core.driver.DriverFactory - app : C:\Users\vinodhinima\Desktop\Assignment_Parabank\NewTAF_Com.Mutibrowser\.\src\test\resources\apps\AndroidApp.apk
2020-08-04 17:57:16.710 [TestNG-test=Default test-1] INFO  com.maveric.core.driver.DriverFactory - appActivity : com.swaglabsmobileapp.SplashActivity
2020-08-04 17:57:16.711 [TestNG-test=Default test-1] INFO  com.maveric.core.driver.DriverFactory - appPackage : com.swaglabsmobileapp
2020-08-04 17:57:16.711 [TestNG-test=Default test-1] INFO  com.maveric.core.driver.DriverFactory - appium:chromeOptions : {w3c=false}
2020-08-04 17:57:16.712 [TestNG-test=Default test-1] INFO  com.maveric.core.driver.DriverFactory - automationName : UiAutomator2
2020-08-04 17:57:16.712 [TestNG-test=Default test-1] INFO  com.maveric.core.driver.DriverFactory - browserName : 
2020-08-04 17:57:16.712 [TestNG-test=Default test-1] INFO  com.maveric.core.driver.DriverFactory - chromedriverExecutableDir : C:\Users\vinodhinima\.m2\repository\webdriver\chromedriver\win32\84.0.4147.30
2020-08-04 17:57:16.713 [TestNG-test=Default test-1] INFO  com.maveric.core.driver.DriverFactory - deviceName : 
2020-08-04 17:57:16.713 [TestNG-test=Default test-1] INFO  com.maveric.core.driver.DriverFactory - deviceReadyTimeout : 60
2020-08-04 17:57:16.713 [TestNG-test=Default test-1] INFO  com.maveric.core.driver.DriverFactory - noReset : true
2020-08-04 17:57:16.714 [TestNG-test=Default test-1] INFO  com.maveric.core.driver.DriverFactory - platformName : android
2020-08-04 17:57:16.714 [TestNG-test=Default test-1] INFO  com.maveric.core.driver.DriverFactory - platformVersion : 8.1
2020-08-04 17:57:16.715 [TestNG-test=Default test-1] INFO  com.maveric.core.driver.DriverFactory - resetKeyboard : true
2020-08-04 17:57:16.715 [TestNG-test=Default test-1] INFO  com.maveric.core.driver.DriverFactory - unicodeKeyboard : true
2020-08-04 17:57:16.715 [TestNG-test=Default test-1] INFO  com.maveric.core.driver.DriverFactory - useNewWDA : false
2020-08-04 17:57:21.472 [TestNG-test=Default test-1] INFO  com.maveric.core.testng.listeners.DriverListener - Driver Setup Completed
2020-08-04 17:57:23.162 [TestNG-test=Default test-1] INFO  com.maveric.core.testng.listeners.DriverListener - Driver Quit Completed
2020-08-04 18:56:34.000 [main] INFO  com.multibrowser.parallelbrowser - Driver initialisation
2020-08-04 19:40:45.357 [main] INFO  com.multibrowser.parabankbrowser2 - Driver initialisation paralelly
2020-08-07 20:12:11.235 [main] INFO  com.multibrowser.parabankbrowser2 - Driver initialisation paralelly
2020-08-07 20:12:31.162 [main] INFO  com.multibrowser.parabankbrowser2 - Quit Driver
2020-08-07 20:15:37.016 [main] INFO  com.multibrowser.parabankbrowser2 - Driver initialisation paralelly
2020-08-07 20:15:54.994 [main] INFO  com.multibrowser.parabankbrowser2 - Quit Driver
2020-08-07 20:19:38.128 [main] INFO  com.multibrowser.parabankbrowser2 - Driver initialisation paralelly
2020-08-07 20:19:55.882 [main] INFO  com.multibrowser.parabankbrowser2 - Quit Driver
2020-08-07 20:25:48.671 [main] INFO  com.multibrowser.parabankbrowser2 - Driver initialisation paralelly
2020-08-07 20:26:06.419 [main] INFO  com.multibrowser.parabankbrowser2 - Quit Driver
2020-08-07 20:27:34.322 [main] INFO  com.multibrowser.parabankbrowser2 - Driver initialisation paralelly
2020-08-07 20:27:52.402 [main] INFO  com.multibrowser.parabankbrowser2 - Quit Driver
2020-08-07 20:30:06.019 [main] INFO  com.multibrowser.parabankbrowser2 - Driver initialisation paralelly
2020-08-07 20:30:11.444 [main] ERROR com.maveric.core.utils.data.Database - java.sql.SQLException: The url cannot be null
2020-08-07 20:31:04.135 [main] INFO  com.multibrowser.parabankbrowser2 - Driver initialisation paralelly
2020-08-07 20:31:09.190 [main] ERROR com.maveric.core.utils.data.Database - java.sql.SQLException: The url cannot be null
2020-08-07 21:43:32.334 [main] INFO  com.multibrowser.parabankbrowser2 - Driver initialisation paralelly
2020-08-07 21:43:37.451 [main] ERROR com.maveric.core.utils.data.Database - java.sql.SQLException: The url cannot be null
2020-08-07 21:45:10.505 [main] INFO  com.multibrowser.parabankbrowser2 - Quit Driver
2020-08-07 21:47:32.249 [main] INFO  com.multibrowser.parabankbrowser2 - Driver initialisation paralelly
2020-08-07 21:47:38.266 [main] ERROR com.maveric.core.utils.data.Database - java.sql.SQLException: The url cannot be null
2020-08-07 21:49:12.869 [main] INFO  com.multibrowser.parabankbrowser2 - Quit Driver
2020-08-07 21:50:06.547 [main] INFO  com.multibrowser.parabankbrowser2 - Driver initialisation paralelly
2020-08-07 21:51:23.578 [main] ERROR com.maveric.core.utils.data.Database - java.sql.SQLException: The url cannot be null
2020-08-07 21:52:55.978 [main] INFO  com.multibrowser.parabankbrowser2 - Quit Driver
2020-08-07 21:59:22.926 [main] INFO  com.multibrowser.parabankbrowser2 - Driver initialisation paralelly
2020-08-07 21:59:28.467 [main] ERROR com.maveric.core.utils.data.Database - java.sql.SQLException: The url cannot be null
2020-08-07 22:01:01.814 [main] INFO  com.multibrowser.parabankbrowser2 - Quit Driver
2020-08-07 22:02:30.776 [main] INFO  com.multibrowser.parabankbrowser2 - Driver initialisation paralelly
2020-08-07 22:02:47.042 [main] ERROR com.maveric.core.utils.data.Database - java.sql.SQLException: The url cannot be null
2020-08-07 22:04:19.478 [main] INFO  com.multibrowser.parabankbrowser2 - Quit Driver
2020-08-07 22:07:21.088 [main] INFO  com.multibrowser.parabankbrowser2 - Driver initialisation paralelly
2020-08-07 22:07:26.454 [main] ERROR com.maveric.core.utils.data.Database - java.sql.SQLException: The url cannot be null
2020-08-07 22:08:58.928 [main] INFO  com.multibrowser.parabankbrowser2 - Quit Driver
2020-08-07 23:57:23.270 [main] INFO  com.multibrowser.parabankbrowser2 - Driver initialisation paralelly
2020-08-07 23:57:28.649 [main] ERROR com.maveric.core.utils.data.Database - java.sql.SQLException: The url cannot be null
2020-08-08 00:08:08.496 [main] INFO  com.multibrowser.parabankbrowser2 - Driver initialisation paralelly
2020-08-08 00:08:14.317 [main] ERROR com.maveric.core.utils.data.Database - java.sql.SQLSyntaxErrorException: You have an error in your SQL syntax; check the manual that corresponds to your MySQL server version for the right syntax to use near '' at line 1
2020-08-08 00:09:55.378 [main] INFO  com.multibrowser.parabankbrowser2 - Driver initialisation paralelly
2020-08-08 00:10:01.201 [main] ERROR com.maveric.core.utils.data.Database - java.sql.SQLSyntaxErrorException: You have an error in your SQL syntax; check the manual that corresponds to your MySQL server version for the right syntax to use near '' at line 1
2020-08-08 00:59:12.452 [main] INFO  com.multibrowser.parabankbrowser2 - Driver initialisation paralelly
2020-08-08 01:00:12.090 [main] INFO  com.multibrowser.parabankbrowser2 - Driver initialisation paralelly
2020-08-08 01:46:19.785 [main] INFO  com.multibrowser.parabankbrowser2 - Driver initialisation paralelly
2020-08-08 01:46:25.563 [main] INFO  com.multibrowser.parabankbrowser2 - Registration
2020-08-08 01:56:54.401 [main] INFO  com.multibrowser.parabankbrowser2 - Driver initialisation paralelly
2020-08-08 02:00:41.352 [main] INFO  com.multibrowser.parabankbrowser2 - Driver initialisation paralelly
2020-08-08 02:00:49.377 [main] INFO  com.multibrowser.parabankbrowser2 - Registration
2020-08-08 02:38:54.105 [main] INFO  com.multibrowser.parabankbrowser2 - Driver initialisation paralelly
2020-08-08 02:39:04.126 [main] INFO  com.multibrowser.parabankbrowser2 - Registration
2020-08-08 15:52:44.071 [main] INFO  com.multibrowser.parabankbrowser2 - Driver initialisation paralelly
2020-08-08 15:55:03.105 [main] INFO  com.multibrowser.parabankbrowser2 - Driver initialisation paralelly
2020-08-08 16:11:49.380 [main] INFO  com.multibrowser.parabankbrowser2 - Driver initialisation paralelly
2020-08-08 18:55:18.524 [main] INFO  com.multibrowser.parabankbrowser2 - Driver initialisation paralelly
2020-08-09 02:56:21.856 [main] INFO  com.multibrowser.parabankbrowser2 - Driver initialisation paralelly
2020-08-09 21:02:42.265 [main] INFO  com.multibrowser.parabankbrowser2 - Driver initialisation paralelly
2020-08-09 21:08:25.728 [main] INFO  com.multibrowser.parabankbrowser2 - Driver initialisation paralelly
2020-08-09 21:19:46.985 [main] INFO  com.multibrowser.parabankbrowser2 - Driver initialisation paralelly
2020-08-09 21:20:31.269 [main] INFO  com.multibrowser.parabankbrowser2 - Driver initialisation paralelly
2020-08-09 21:30:40.239 [main] INFO  com.multibrowser.parabankbrowser2 - Driver initialisation paralelly
2020-08-09 21:35:24.271 [main] INFO  com.multibrowser.parabankbrowser2 - Driver initialisation paralelly
2020-08-09 21:40:08.110 [main] INFO  com.multibrowser.parabankbrowser2 - Driver initialisation paralelly
2020-08-09 21:50:58.257 [main] INFO  com.multibrowser.parabankbrowser2 - Driver initialisation paralelly
